{
  "stats": {
    "suites": 9,
    "tests": 18,
    "passes": 0,
    "pending": 0,
    "failures": 18,
    "start": "2023-10-14T00:35:26.976Z",
    "end": "2023-10-14T00:36:03.436Z",
    "duration": 36460,
    "testsRegistered": 18,
    "passPercent": 0,
    "pendingPercent": 0,
    "other": 0,
    "hasOther": false,
    "skipped": 0,
    "hasSkipped": false
  },
  "results": [
    {
      "uuid": "26efb710-b2a4-4b1b-9a09-1366242f9bdf",
      "title": "",
      "fullFile": "",
      "file": "",
      "beforeHooks": [],
      "afterHooks": [],
      "tests": [],
      "suites": [
        {
          "uuid": "9ec671ec-1156-4ce9-9bf8-0f8facbed801",
          "title": "Get Request Example",
          "fullFile": "E:\\Coding Things\\PetStoreAPI_Test\\test\\api\\chaiAssert.js",
          "file": "\\test\\api\\chaiAssert.js",
          "beforeHooks": [],
          "afterHooks": [],
          "tests": [
            {
              "title": "response status equal to 200",
              "fullTitle": "Get Request Example response status equal to 200",
              "timedOut": true,
              "duration": 2004,
              "state": "failed",
              "speed": null,
              "pass": false,
              "fail": true,
              "pending": false,
              "context": null,
              "code": "// Check response status equal to 200\nexpect((await response).status).to.equal(200)",
              "err": {
                "message": "Error: Timeout of 2000ms exceeded. For async tests and hooks, ensure \"done()\" is called; if returning a Promise, ensure it resolves. (E:\\Coding Things\\PetStoreAPI_Test\\test\\api\\chaiAssert.js)",
                "estack": "Error: Timeout of 2000ms exceeded. For async tests and hooks, ensure \"done()\" is called; if returning a Promise, ensure it resolves. (E:\\Coding Things\\PetStoreAPI_Test\\test\\api\\chaiAssert.js)\n    at listOnTimeout (node:internal/timers:569:17)\n    at process.processTimers (node:internal/timers:512:7)",
                "diff": null
              },
              "uuid": "aaabd5b6-138f-4e65-8115-be0be2022465",
              "parentUUID": "9ec671ec-1156-4ce9-9bf8-0f8facbed801",
              "isHook": false,
              "skipped": false
            },
            {
              "title": "response body to have property",
              "fullTitle": "Get Request Example response body to have property",
              "timedOut": true,
              "duration": 2025,
              "state": "failed",
              "speed": null,
              "pass": false,
              "fail": true,
              "pending": false,
              "context": null,
              "code": "expect((await response).body).to.haveOwnProperty(`available`)\nexpect((await response).body).to.haveOwnProperty(`unavailable`)\nexpect((await response).body).to.haveOwnProperty(`pending`)\nexpect((await response).body).to.haveOwnProperty(`status`)",
              "err": {
                "message": "Error: Timeout of 2000ms exceeded. For async tests and hooks, ensure \"done()\" is called; if returning a Promise, ensure it resolves. (E:\\Coding Things\\PetStoreAPI_Test\\test\\api\\chaiAssert.js)",
                "estack": "Error: Timeout of 2000ms exceeded. For async tests and hooks, ensure \"done()\" is called; if returning a Promise, ensure it resolves. (E:\\Coding Things\\PetStoreAPI_Test\\test\\api\\chaiAssert.js)\n    at listOnTimeout (node:internal/timers:569:17)\n    at process.processTimers (node:internal/timers:512:7)",
                "diff": null
              },
              "uuid": "dd13a9e8-da0d-4e83-bb05-54ec3012c770",
              "parentUUID": "9ec671ec-1156-4ce9-9bf8-0f8facbed801",
              "isHook": false,
              "skipped": false
            }
          ],
          "suites": [],
          "passes": [],
          "failures": [
            "aaabd5b6-138f-4e65-8115-be0be2022465",
            "dd13a9e8-da0d-4e83-bb05-54ec3012c770"
          ],
          "pending": [],
          "skipped": [],
          "duration": 4029,
          "root": false,
          "rootEmpty": false,
          "_timeout": 2000
        },
        {
          "uuid": "c4c03513-b90c-4aae-bcf2-4f9d30ba430e",
          "title": "Post Request Example",
          "fullFile": "E:\\Coding Things\\PetStoreAPI_Test\\test\\api\\chaiAssert.js",
          "file": "\\test\\api\\chaiAssert.js",
          "beforeHooks": [],
          "afterHooks": [],
          "tests": [
            {
              "title": "response status equal to 201",
              "fullTitle": "Post Request Example response status equal to 201",
              "timedOut": true,
              "duration": 2013,
              "state": "failed",
              "speed": null,
              "pass": false,
              "fail": true,
              "pending": false,
              "context": null,
              "code": "// Check response status equal to 201\nexpect((await response).status).to.equal(201)",
              "err": {
                "message": "Error: Timeout of 2000ms exceeded. For async tests and hooks, ensure \"done()\" is called; if returning a Promise, ensure it resolves. (E:\\Coding Things\\PetStoreAPI_Test\\test\\api\\chaiAssert.js)",
                "estack": "Error: Timeout of 2000ms exceeded. For async tests and hooks, ensure \"done()\" is called; if returning a Promise, ensure it resolves. (E:\\Coding Things\\PetStoreAPI_Test\\test\\api\\chaiAssert.js)\n    at listOnTimeout (node:internal/timers:569:17)\n    at process.processTimers (node:internal/timers:512:7)",
                "diff": null
              },
              "uuid": "b3889b58-aaf2-4848-b262-8cd171c1e4b2",
              "parentUUID": "c4c03513-b90c-4aae-bcf2-4f9d30ba430e",
              "isHook": false,
              "skipped": false
            },
            {
              "title": "response body to haveOwnProperty",
              "fullTitle": "Post Request Example response body to haveOwnProperty",
              "timedOut": true,
              "duration": 2015,
              "state": "failed",
              "speed": null,
              "pass": false,
              "fail": true,
              "pending": false,
              "context": null,
              "code": "// Expect the body response has value\nexpect((await response).body).to.haveOwnProperty('message')",
              "err": {
                "message": "Error: Timeout of 2000ms exceeded. For async tests and hooks, ensure \"done()\" is called; if returning a Promise, ensure it resolves. (E:\\Coding Things\\PetStoreAPI_Test\\test\\api\\chaiAssert.js)",
                "estack": "Error: Timeout of 2000ms exceeded. For async tests and hooks, ensure \"done()\" is called; if returning a Promise, ensure it resolves. (E:\\Coding Things\\PetStoreAPI_Test\\test\\api\\chaiAssert.js)\n    at listOnTimeout (node:internal/timers:569:17)\n    at process.processTimers (node:internal/timers:512:7)",
                "diff": null
              },
              "uuid": "e5b3b862-4861-4fde-80ef-ec834632d60a",
              "parentUUID": "c4c03513-b90c-4aae-bcf2-4f9d30ba430e",
              "isHook": false,
              "skipped": false
            }
          ],
          "suites": [],
          "passes": [],
          "failures": [
            "b3889b58-aaf2-4848-b262-8cd171c1e4b2",
            "e5b3b862-4861-4fde-80ef-ec834632d60a"
          ],
          "pending": [],
          "skipped": [],
          "duration": 4028,
          "root": false,
          "rootEmpty": false,
          "_timeout": 2000
        },
        {
          "uuid": "98cf61a3-98d0-4af9-a93f-beb189401ec9",
          "title": "add Pet test",
          "fullFile": "E:\\Coding Things\\PetStoreAPI_Test\\test\\api\\chaiAssert.js",
          "file": "\\test\\api\\chaiAssert.js",
          "beforeHooks": [],
          "afterHooks": [],
          "tests": [
            {
              "title": "response status equal to 201",
              "fullTitle": "add Pet test response status equal to 201",
              "timedOut": true,
              "duration": 2015,
              "state": "failed",
              "speed": null,
              "pass": false,
              "fail": true,
              "pending": false,
              "context": null,
              "code": "// Check response status equal to 200\nexpect((await response).status).to.equal(201)",
              "err": {
                "message": "Error: Timeout of 2000ms exceeded. For async tests and hooks, ensure \"done()\" is called; if returning a Promise, ensure it resolves. (E:\\Coding Things\\PetStoreAPI_Test\\test\\api\\chaiAssert.js)",
                "estack": "Error: Timeout of 2000ms exceeded. For async tests and hooks, ensure \"done()\" is called; if returning a Promise, ensure it resolves. (E:\\Coding Things\\PetStoreAPI_Test\\test\\api\\chaiAssert.js)\n    at listOnTimeout (node:internal/timers:569:17)\n    at process.processTimers (node:internal/timers:512:7)",
                "diff": null
              },
              "uuid": "0315b880-36b6-4472-9846-e242915f0793",
              "parentUUID": "98cf61a3-98d0-4af9-a93f-beb189401ec9",
              "isHook": false,
              "skipped": false
            },
            {
              "title": "response body to haveOwnProperty",
              "fullTitle": "add Pet test response body to haveOwnProperty",
              "timedOut": true,
              "duration": 2003,
              "state": "failed",
              "speed": null,
              "pass": false,
              "fail": true,
              "pending": false,
              "context": null,
              "code": "// Expect the body response has value\nexpect((await response).body).to.haveOwnProperty('message')",
              "err": {
                "message": "Error: Timeout of 2000ms exceeded. For async tests and hooks, ensure \"done()\" is called; if returning a Promise, ensure it resolves. (E:\\Coding Things\\PetStoreAPI_Test\\test\\api\\chaiAssert.js)",
                "estack": "Error: Timeout of 2000ms exceeded. For async tests and hooks, ensure \"done()\" is called; if returning a Promise, ensure it resolves. (E:\\Coding Things\\PetStoreAPI_Test\\test\\api\\chaiAssert.js)\n    at listOnTimeout (node:internal/timers:569:17)\n    at process.processTimers (node:internal/timers:512:7)",
                "diff": null
              },
              "uuid": "20744a2d-d8e9-43ff-8992-f1a9875196c9",
              "parentUUID": "98cf61a3-98d0-4af9-a93f-beb189401ec9",
              "isHook": false,
              "skipped": false
            }
          ],
          "suites": [],
          "passes": [],
          "failures": [
            "0315b880-36b6-4472-9846-e242915f0793",
            "20744a2d-d8e9-43ff-8992-f1a9875196c9"
          ],
          "pending": [],
          "skipped": [],
          "duration": 4018,
          "root": false,
          "rootEmpty": false,
          "_timeout": 2000
        },
        {
          "uuid": "8052c5cc-65dc-452b-b46e-a50043671227",
          "title": "get Pet data",
          "fullFile": "E:\\Coding Things\\PetStoreAPI_Test\\test\\api\\chaiAssert.js",
          "file": "\\test\\api\\chaiAssert.js",
          "beforeHooks": [],
          "afterHooks": [],
          "tests": [
            {
              "title": "response status equal to 200",
              "fullTitle": "get Pet data response status equal to 200",
              "timedOut": true,
              "duration": 2016,
              "state": "failed",
              "speed": null,
              "pass": false,
              "fail": true,
              "pending": false,
              "context": null,
              "code": "// Check response status equal to 200\nexpect((await response).status).to.equal(200)",
              "err": {
                "message": "Error: Timeout of 2000ms exceeded. For async tests and hooks, ensure \"done()\" is called; if returning a Promise, ensure it resolves. (E:\\Coding Things\\PetStoreAPI_Test\\test\\api\\chaiAssert.js)",
                "estack": "Error: Timeout of 2000ms exceeded. For async tests and hooks, ensure \"done()\" is called; if returning a Promise, ensure it resolves. (E:\\Coding Things\\PetStoreAPI_Test\\test\\api\\chaiAssert.js)\n    at listOnTimeout (node:internal/timers:569:17)\n    at process.processTimers (node:internal/timers:512:7)",
                "diff": null
              },
              "uuid": "d69bbccf-d442-4535-ab95-a95483bbc997",
              "parentUUID": "8052c5cc-65dc-452b-b46e-a50043671227",
              "isHook": false,
              "skipped": false
            },
            {
              "title": "response body to have property",
              "fullTitle": "get Pet data response body to have property",
              "timedOut": true,
              "duration": 2014,
              "state": "failed",
              "speed": null,
              "pass": false,
              "fail": true,
              "pending": false,
              "context": null,
              "code": "expect((await response).body).to.haveOwnProperty(`available`)\nexpect((await response).body).to.haveOwnProperty(`pending`)\nexpect((await response).body).to.haveOwnProperty(`sold`)",
              "err": {
                "message": "Error: Timeout of 2000ms exceeded. For async tests and hooks, ensure \"done()\" is called; if returning a Promise, ensure it resolves. (E:\\Coding Things\\PetStoreAPI_Test\\test\\api\\chaiAssert.js)",
                "estack": "Error: Timeout of 2000ms exceeded. For async tests and hooks, ensure \"done()\" is called; if returning a Promise, ensure it resolves. (E:\\Coding Things\\PetStoreAPI_Test\\test\\api\\chaiAssert.js)\n    at listOnTimeout (node:internal/timers:569:17)\n    at process.processTimers (node:internal/timers:512:7)",
                "diff": null
              },
              "uuid": "eff26aca-5568-4a40-9d46-c0556e5b32a5",
              "parentUUID": "8052c5cc-65dc-452b-b46e-a50043671227",
              "isHook": false,
              "skipped": false
            }
          ],
          "suites": [],
          "passes": [],
          "failures": [
            "d69bbccf-d442-4535-ab95-a95483bbc997",
            "eff26aca-5568-4a40-9d46-c0556e5b32a5"
          ],
          "pending": [],
          "skipped": [],
          "duration": 4030,
          "root": false,
          "rootEmpty": false,
          "_timeout": 2000
        },
        {
          "uuid": "3fbf78cb-7930-4c4d-b307-a73f25ef7001",
          "title": "update Pet data",
          "fullFile": "E:\\Coding Things\\PetStoreAPI_Test\\test\\api\\chaiAssert.js",
          "file": "\\test\\api\\chaiAssert.js",
          "beforeHooks": [],
          "afterHooks": [],
          "tests": [
            {
              "title": "response status equal to 200",
              "fullTitle": "update Pet data response status equal to 200",
              "timedOut": true,
              "duration": 2005,
              "state": "failed",
              "speed": null,
              "pass": false,
              "fail": true,
              "pending": false,
              "context": null,
              "code": "// Check response status equal to 200\nexpect((await response).status).to.equal(200)",
              "err": {
                "message": "Error: Timeout of 2000ms exceeded. For async tests and hooks, ensure \"done()\" is called; if returning a Promise, ensure it resolves. (E:\\Coding Things\\PetStoreAPI_Test\\test\\api\\chaiAssert.js)",
                "estack": "Error: Timeout of 2000ms exceeded. For async tests and hooks, ensure \"done()\" is called; if returning a Promise, ensure it resolves. (E:\\Coding Things\\PetStoreAPI_Test\\test\\api\\chaiAssert.js)\n    at listOnTimeout (node:internal/timers:569:17)\n    at process.processTimers (node:internal/timers:512:7)",
                "diff": null
              },
              "uuid": "b222e1b7-f21a-4697-835e-6986b2b2727f",
              "parentUUID": "3fbf78cb-7930-4c4d-b307-a73f25ef7001",
              "isHook": false,
              "skipped": false
            },
            {
              "title": "response body to haveOwnProperty",
              "fullTitle": "update Pet data response body to haveOwnProperty",
              "timedOut": true,
              "duration": 2049,
              "state": "failed",
              "speed": null,
              "pass": false,
              "fail": true,
              "pending": false,
              "context": null,
              "code": "// Expect the body response has value\nexpect((await response).body).to.haveOwnProperty('message')",
              "err": {
                "message": "Error: Timeout of 2000ms exceeded. For async tests and hooks, ensure \"done()\" is called; if returning a Promise, ensure it resolves. (E:\\Coding Things\\PetStoreAPI_Test\\test\\api\\chaiAssert.js)",
                "estack": "Error: Timeout of 2000ms exceeded. For async tests and hooks, ensure \"done()\" is called; if returning a Promise, ensure it resolves. (E:\\Coding Things\\PetStoreAPI_Test\\test\\api\\chaiAssert.js)\n    at listOnTimeout (node:internal/timers:569:17)\n    at process.processTimers (node:internal/timers:512:7)",
                "diff": null
              },
              "uuid": "fbc9aa5f-9960-407c-8748-2156ade71cf5",
              "parentUUID": "3fbf78cb-7930-4c4d-b307-a73f25ef7001",
              "isHook": false,
              "skipped": false
            }
          ],
          "suites": [],
          "passes": [],
          "failures": [
            "b222e1b7-f21a-4697-835e-6986b2b2727f",
            "fbc9aa5f-9960-407c-8748-2156ade71cf5"
          ],
          "pending": [],
          "skipped": [],
          "duration": 4054,
          "root": false,
          "rootEmpty": false,
          "_timeout": 2000
        },
        {
          "uuid": "71083910-d996-462e-a479-c4477718c9e5",
          "title": "delete Pet data",
          "fullFile": "E:\\Coding Things\\PetStoreAPI_Test\\test\\api\\chaiAssert.js",
          "file": "\\test\\api\\chaiAssert.js",
          "beforeHooks": [],
          "afterHooks": [],
          "tests": [
            {
              "title": "response status equal to 200",
              "fullTitle": "delete Pet data response status equal to 200",
              "timedOut": true,
              "duration": 2002,
              "state": "failed",
              "speed": null,
              "pass": false,
              "fail": true,
              "pending": false,
              "context": null,
              "code": "// Check response status equal to 200\nexpect((await response).status).to.equal(200)",
              "err": {
                "message": "Error: Timeout of 2000ms exceeded. For async tests and hooks, ensure \"done()\" is called; if returning a Promise, ensure it resolves. (E:\\Coding Things\\PetStoreAPI_Test\\test\\api\\chaiAssert.js)",
                "estack": "Error: Timeout of 2000ms exceeded. For async tests and hooks, ensure \"done()\" is called; if returning a Promise, ensure it resolves. (E:\\Coding Things\\PetStoreAPI_Test\\test\\api\\chaiAssert.js)\n    at listOnTimeout (node:internal/timers:569:17)\n    at process.processTimers (node:internal/timers:512:7)",
                "diff": null
              },
              "uuid": "98be7d0b-4207-4289-9bba-6a139c918630",
              "parentUUID": "71083910-d996-462e-a479-c4477718c9e5",
              "isHook": false,
              "skipped": false
            },
            {
              "title": "response body to haveOwnProperty",
              "fullTitle": "delete Pet data response body to haveOwnProperty",
              "timedOut": true,
              "duration": 2006,
              "state": "failed",
              "speed": null,
              "pass": false,
              "fail": true,
              "pending": false,
              "context": null,
              "code": "// Expect the body response has value\nexpect((await response).body).to.haveOwnProperty('message')",
              "err": {
                "message": "Error: Timeout of 2000ms exceeded. For async tests and hooks, ensure \"done()\" is called; if returning a Promise, ensure it resolves. (E:\\Coding Things\\PetStoreAPI_Test\\test\\api\\chaiAssert.js)",
                "estack": "Error: Timeout of 2000ms exceeded. For async tests and hooks, ensure \"done()\" is called; if returning a Promise, ensure it resolves. (E:\\Coding Things\\PetStoreAPI_Test\\test\\api\\chaiAssert.js)\n    at listOnTimeout (node:internal/timers:569:17)\n    at process.processTimers (node:internal/timers:512:7)",
                "diff": null
              },
              "uuid": "8b15c378-4598-4ab7-90a7-25ad1137da54",
              "parentUUID": "71083910-d996-462e-a479-c4477718c9e5",
              "isHook": false,
              "skipped": false
            }
          ],
          "suites": [],
          "passes": [],
          "failures": [
            "98be7d0b-4207-4289-9bba-6a139c918630",
            "8b15c378-4598-4ab7-90a7-25ad1137da54"
          ],
          "pending": [],
          "skipped": [],
          "duration": 4008,
          "root": false,
          "rootEmpty": false,
          "_timeout": 2000
        },
        {
          "uuid": "2f736e65-e122-4fa9-a28e-889c121c318f",
          "title": "create Order",
          "fullFile": "E:\\Coding Things\\PetStoreAPI_Test\\test\\api\\chaiAssert.js",
          "file": "\\test\\api\\chaiAssert.js",
          "beforeHooks": [],
          "afterHooks": [],
          "tests": [
            {
              "title": "response status equal to 201",
              "fullTitle": "create Order response status equal to 201",
              "timedOut": true,
              "duration": 2010,
              "state": "failed",
              "speed": null,
              "pass": false,
              "fail": true,
              "pending": false,
              "context": null,
              "code": "// Check response status equal to 201\nexpect((await response).status).to.equal(201)",
              "err": {
                "message": "Error: Timeout of 2000ms exceeded. For async tests and hooks, ensure \"done()\" is called; if returning a Promise, ensure it resolves. (E:\\Coding Things\\PetStoreAPI_Test\\test\\api\\chaiAssert.js)",
                "estack": "Error: Timeout of 2000ms exceeded. For async tests and hooks, ensure \"done()\" is called; if returning a Promise, ensure it resolves. (E:\\Coding Things\\PetStoreAPI_Test\\test\\api\\chaiAssert.js)\n    at listOnTimeout (node:internal/timers:569:17)\n    at process.processTimers (node:internal/timers:512:7)",
                "diff": null
              },
              "uuid": "1dbecf4f-c65e-4d16-afb5-5d27d812300b",
              "parentUUID": "2f736e65-e122-4fa9-a28e-889c121c318f",
              "isHook": false,
              "skipped": false
            },
            {
              "title": "response body to haveOwnProperty",
              "fullTitle": "create Order response body to haveOwnProperty",
              "timedOut": true,
              "duration": 2005,
              "state": "failed",
              "speed": null,
              "pass": false,
              "fail": true,
              "pending": false,
              "context": null,
              "code": "// Expect the body response has value\nexpect((await response).body).to.haveOwnProperty('message')",
              "err": {
                "message": "Error: Timeout of 2000ms exceeded. For async tests and hooks, ensure \"done()\" is called; if returning a Promise, ensure it resolves. (E:\\Coding Things\\PetStoreAPI_Test\\test\\api\\chaiAssert.js)",
                "estack": "Error: Timeout of 2000ms exceeded. For async tests and hooks, ensure \"done()\" is called; if returning a Promise, ensure it resolves. (E:\\Coding Things\\PetStoreAPI_Test\\test\\api\\chaiAssert.js)\n    at listOnTimeout (node:internal/timers:569:17)\n    at process.processTimers (node:internal/timers:512:7)",
                "diff": null
              },
              "uuid": "731280b4-fef6-43d3-a5eb-e6da96fc68fa",
              "parentUUID": "2f736e65-e122-4fa9-a28e-889c121c318f",
              "isHook": false,
              "skipped": false
            }
          ],
          "suites": [],
          "passes": [],
          "failures": [
            "1dbecf4f-c65e-4d16-afb5-5d27d812300b",
            "731280b4-fef6-43d3-a5eb-e6da96fc68fa"
          ],
          "pending": [],
          "skipped": [],
          "duration": 4015,
          "root": false,
          "rootEmpty": false,
          "_timeout": 2000
        },
        {
          "uuid": "a70ef3ce-4307-4224-864f-416872c718d0",
          "title": "get Order by Id",
          "fullFile": "E:\\Coding Things\\PetStoreAPI_Test\\test\\api\\chaiAssert.js",
          "file": "\\test\\api\\chaiAssert.js",
          "beforeHooks": [],
          "afterHooks": [],
          "tests": [
            {
              "title": "response status equal to 200",
              "fullTitle": "get Order by Id response status equal to 200",
              "timedOut": true,
              "duration": 2002,
              "state": "failed",
              "speed": null,
              "pass": false,
              "fail": true,
              "pending": false,
              "context": null,
              "code": "// Check response status equal to 200\nexpect((await response).status).to.equal(200)",
              "err": {
                "message": "Error: Timeout of 2000ms exceeded. For async tests and hooks, ensure \"done()\" is called; if returning a Promise, ensure it resolves. (E:\\Coding Things\\PetStoreAPI_Test\\test\\api\\chaiAssert.js)",
                "estack": "Error: Timeout of 2000ms exceeded. For async tests and hooks, ensure \"done()\" is called; if returning a Promise, ensure it resolves. (E:\\Coding Things\\PetStoreAPI_Test\\test\\api\\chaiAssert.js)\n    at listOnTimeout (node:internal/timers:569:17)\n    at process.processTimers (node:internal/timers:512:7)",
                "diff": null
              },
              "uuid": "a91629b4-9a70-4ed0-bf25-8c9bffb9ef1b",
              "parentUUID": "a70ef3ce-4307-4224-864f-416872c718d0",
              "isHook": false,
              "skipped": false
            },
            {
              "title": "response body to have property",
              "fullTitle": "get Order by Id response body to have property",
              "timedOut": true,
              "duration": 2002,
              "state": "failed",
              "speed": null,
              "pass": false,
              "fail": true,
              "pending": false,
              "context": null,
              "code": "expect((await response).body).to.haveOwnProperty(`placed`)\nexpect((await response).body).to.haveOwnProperty(`approved`)\nexpect((await response).body).to.haveOwnProperty(`delivered`)",
              "err": {
                "message": "Error: Timeout of 2000ms exceeded. For async tests and hooks, ensure \"done()\" is called; if returning a Promise, ensure it resolves. (E:\\Coding Things\\PetStoreAPI_Test\\test\\api\\chaiAssert.js)",
                "estack": "Error: Timeout of 2000ms exceeded. For async tests and hooks, ensure \"done()\" is called; if returning a Promise, ensure it resolves. (E:\\Coding Things\\PetStoreAPI_Test\\test\\api\\chaiAssert.js)\n    at listOnTimeout (node:internal/timers:569:17)\n    at process.processTimers (node:internal/timers:512:7)",
                "diff": null
              },
              "uuid": "0ff88eea-3c73-4b43-92c1-1486ae7e8465",
              "parentUUID": "a70ef3ce-4307-4224-864f-416872c718d0",
              "isHook": false,
              "skipped": false
            }
          ],
          "suites": [],
          "passes": [],
          "failures": [
            "a91629b4-9a70-4ed0-bf25-8c9bffb9ef1b",
            "0ff88eea-3c73-4b43-92c1-1486ae7e8465"
          ],
          "pending": [],
          "skipped": [],
          "duration": 4004,
          "root": false,
          "rootEmpty": false,
          "_timeout": 2000
        },
        {
          "uuid": "ea22bed3-6062-487d-b59c-72f51d967ced",
          "title": "delete Order",
          "fullFile": "E:\\Coding Things\\PetStoreAPI_Test\\test\\api\\chaiAssert.js",
          "file": "\\test\\api\\chaiAssert.js",
          "beforeHooks": [],
          "afterHooks": [],
          "tests": [
            {
              "title": "response status equal to 200",
              "fullTitle": "delete Order response status equal to 200",
              "timedOut": true,
              "duration": 2002,
              "state": "failed",
              "speed": null,
              "pass": false,
              "fail": true,
              "pending": false,
              "context": null,
              "code": "// Check response status equal to 200\nexpect((await response).status).to.equal(200)",
              "err": {
                "message": "Error: Timeout of 2000ms exceeded. For async tests and hooks, ensure \"done()\" is called; if returning a Promise, ensure it resolves. (E:\\Coding Things\\PetStoreAPI_Test\\test\\api\\chaiAssert.js)",
                "estack": "Error: Timeout of 2000ms exceeded. For async tests and hooks, ensure \"done()\" is called; if returning a Promise, ensure it resolves. (E:\\Coding Things\\PetStoreAPI_Test\\test\\api\\chaiAssert.js)\n    at listOnTimeout (node:internal/timers:569:17)\n    at process.processTimers (node:internal/timers:512:7)",
                "diff": null
              },
              "uuid": "c556f623-34ab-4c71-bbbd-fdf3616f104b",
              "parentUUID": "ea22bed3-6062-487d-b59c-72f51d967ced",
              "isHook": false,
              "skipped": false
            },
            {
              "title": "response body to haveOwnProperty",
              "fullTitle": "delete Order response body to haveOwnProperty",
              "timedOut": true,
              "duration": 2003,
              "state": "failed",
              "speed": null,
              "pass": false,
              "fail": true,
              "pending": false,
              "context": null,
              "code": "// Expect the body response has value\nexpect((await response).body).to.haveOwnProperty('message')",
              "err": {
                "message": "Error: Timeout of 2000ms exceeded. For async tests and hooks, ensure \"done()\" is called; if returning a Promise, ensure it resolves. (E:\\Coding Things\\PetStoreAPI_Test\\test\\api\\chaiAssert.js)",
                "estack": "Error: Timeout of 2000ms exceeded. For async tests and hooks, ensure \"done()\" is called; if returning a Promise, ensure it resolves. (E:\\Coding Things\\PetStoreAPI_Test\\test\\api\\chaiAssert.js)\n    at listOnTimeout (node:internal/timers:569:17)\n    at process.processTimers (node:internal/timers:512:7)",
                "diff": null
              },
              "uuid": "e01d7f82-3075-4121-8cc0-49ac61438741",
              "parentUUID": "ea22bed3-6062-487d-b59c-72f51d967ced",
              "isHook": false,
              "skipped": false
            }
          ],
          "suites": [],
          "passes": [],
          "failures": [
            "c556f623-34ab-4c71-bbbd-fdf3616f104b",
            "e01d7f82-3075-4121-8cc0-49ac61438741"
          ],
          "pending": [],
          "skipped": [],
          "duration": 4005,
          "root": false,
          "rootEmpty": false,
          "_timeout": 2000
        }
      ],
      "passes": [],
      "failures": [],
      "pending": [],
      "skipped": [],
      "duration": 0,
      "root": true,
      "rootEmpty": true,
      "_timeout": 2000
    }
  ],
  "meta": {
    "mocha": {
      "version": "10.2.0"
    },
    "mochawesome": {
      "options": {
        "quiet": false,
        "reportFilename": "mochawesome",
        "saveHtml": true,
        "saveJson": true,
        "consoleReporter": "spec",
        "useInlineDiffs": false,
        "code": true
      },
      "version": "7.1.3"
    },
    "marge": {
      "options": null,
      "version": "6.2.0"
    }
  }
}