{
  "stats": {
    "suites": 1,
    "tests": 2,
    "passes": 2,
    "pending": 0,
    "failures": 0,
    "start": "2023-10-11T14:04:15.901Z",
    "end": "2023-10-11T14:04:17.612Z",
    "duration": 1711,
    "testsRegistered": 2,
    "passPercent": 100,
    "pendingPercent": 0,
    "other": 0,
    "hasOther": false,
    "skipped": 0,
    "hasSkipped": false
  },
  "results": [
    {
      "uuid": "620c684f-3026-4ec9-92a8-1998cd5a74ba",
      "title": "",
      "fullFile": "E:\\Coding Things\\PetStoreAPI_Test\\test\\api\\chaiAssert.js",
      "file": "\\test\\api\\chaiAssert.js",
      "beforeHooks": [],
      "afterHooks": [],
      "tests": [],
      "suites": [
        {
          "uuid": "f784f9e1-663f-47d6-9af5-6c3d8e9a861b",
          "title": "Post Request Example",
          "fullFile": "E:\\Coding Things\\PetStoreAPI_Test\\test\\api\\chaiAssert.js",
          "file": "\\test\\api\\chaiAssert.js",
          "beforeHooks": [],
          "afterHooks": [],
          "tests": [
            {
              "title": "response status equal to 200",
              "fullTitle": "Post Request Example response status equal to 200",
              "timedOut": false,
              "duration": 1669,
              "state": "passed",
              "speed": "slow",
              "pass": true,
              "fail": false,
              "pending": false,
              "context": null,
              "code": "// Check response status equal to 200\nexpect((await response).status).to.equal(200)",
              "err": {},
              "uuid": "4be06e60-18e5-4364-adb1-6b9207b23a4d",
              "parentUUID": "f784f9e1-663f-47d6-9af5-6c3d8e9a861b",
              "isHook": false,
              "skipped": false
            },
            {
              "title": "response body to haveOwnProperty",
              "fullTitle": "Post Request Example response body to haveOwnProperty",
              "timedOut": false,
              "duration": 3,
              "state": "passed",
              "speed": "fast",
              "pass": true,
              "fail": false,
              "pending": false,
              "context": null,
              "code": "// Expect the body response has value\nexpect((await response).body).to.haveOwnProperty('message')",
              "err": {},
              "uuid": "c7d10d01-3f33-4424-8bcd-533e7a28750a",
              "parentUUID": "f784f9e1-663f-47d6-9af5-6c3d8e9a861b",
              "isHook": false,
              "skipped": false
            }
          ],
          "suites": [],
          "passes": [
            "4be06e60-18e5-4364-adb1-6b9207b23a4d",
            "c7d10d01-3f33-4424-8bcd-533e7a28750a"
          ],
          "failures": [],
          "pending": [],
          "skipped": [],
          "duration": 1672,
          "root": false,
          "rootEmpty": false,
          "_timeout": 2000
        }
      ],
      "passes": [],
      "failures": [],
      "pending": [],
      "skipped": [],
      "duration": 0,
      "root": true,
      "rootEmpty": true,
      "_timeout": 2000
    }
  ],
  "meta": {
    "mocha": {
      "version": "10.2.0"
    },
    "mochawesome": {
      "options": {
        "quiet": false,
        "reportFilename": "mochawesome",
        "saveHtml": true,
        "saveJson": true,
        "consoleReporter": "spec",
        "useInlineDiffs": false,
        "code": true
      },
      "version": "7.1.3"
    },
    "marge": {
      "options": null,
      "version": "6.2.0"
    }
  }
}