{
  "stats": {
    "suites": 9,
    "tests": 18,
    "passes": 0,
    "pending": 0,
    "failures": 18,
    "start": "2023-10-15T05:12:11.904Z",
    "end": "2023-10-15T05:12:49.253Z",
    "duration": 37349,
    "testsRegistered": 18,
    "passPercent": 0,
    "pendingPercent": 0,
    "other": 0,
    "hasOther": false,
    "skipped": 0,
    "hasSkipped": false
  },
  "results": [
    {
      "uuid": "e0ee3b32-44fc-4a7e-b507-912d11fb74b6",
      "title": "",
      "fullFile": "",
      "file": "",
      "beforeHooks": [],
      "afterHooks": [],
      "tests": [],
      "suites": [
        {
          "uuid": "f1a8a977-0a38-4a64-859d-82b4f64175c7",
          "title": "Get Request Example",
          "fullFile": "E:\\Coding Things\\PetStoreAPI_Test\\test\\api\\chaiAssert.js",
          "file": "\\test\\api\\chaiAssert.js",
          "beforeHooks": [],
          "afterHooks": [],
          "tests": [
            {
              "title": "status code is 200",
              "fullTitle": "Get Request Example status code is 200",
              "timedOut": true,
              "duration": 2052,
              "state": "failed",
              "speed": null,
              "pass": false,
              "fail": true,
              "pending": false,
              "context": null,
              "code": "// Check response status equal to 200\nexpect((await response).status).to.equal(200)",
              "err": {
                "message": "Error: Timeout of 2000ms exceeded. For async tests and hooks, ensure \"done()\" is called; if returning a Promise, ensure it resolves. (E:\\Coding Things\\PetStoreAPI_Test\\test\\api\\chaiAssert.js)",
                "estack": "Error: Timeout of 2000ms exceeded. For async tests and hooks, ensure \"done()\" is called; if returning a Promise, ensure it resolves. (E:\\Coding Things\\PetStoreAPI_Test\\test\\api\\chaiAssert.js)\n    at listOnTimeout (node:internal/timers:569:17)\n    at process.processTimers (node:internal/timers:512:7)",
                "diff": null
              },
              "uuid": "6a234885-e91d-48f8-ae13-ff9cc51c3df2",
              "parentUUID": "f1a8a977-0a38-4a64-859d-82b4f64175c7",
              "isHook": false,
              "skipped": false
            },
            {
              "title": "response body to have property",
              "fullTitle": "Get Request Example response body to have property",
              "timedOut": true,
              "duration": 2008,
              "state": "failed",
              "speed": null,
              "pass": false,
              "fail": true,
              "pending": false,
              "context": null,
              "code": "expect((await response).body).to.haveOwnProperty(`available`)\nexpect((await response).body).to.haveOwnProperty(`sold`)",
              "err": {
                "message": "Error: Timeout of 2000ms exceeded. For async tests and hooks, ensure \"done()\" is called; if returning a Promise, ensure it resolves. (E:\\Coding Things\\PetStoreAPI_Test\\test\\api\\chaiAssert.js)",
                "estack": "Error: Timeout of 2000ms exceeded. For async tests and hooks, ensure \"done()\" is called; if returning a Promise, ensure it resolves. (E:\\Coding Things\\PetStoreAPI_Test\\test\\api\\chaiAssert.js)\n    at listOnTimeout (node:internal/timers:569:17)\n    at process.processTimers (node:internal/timers:512:7)",
                "diff": null
              },
              "uuid": "877ceb72-4ef1-4f86-9366-fb8bfbd47c88",
              "parentUUID": "f1a8a977-0a38-4a64-859d-82b4f64175c7",
              "isHook": false,
              "skipped": false
            }
          ],
          "suites": [],
          "passes": [],
          "failures": [
            "6a234885-e91d-48f8-ae13-ff9cc51c3df2",
            "877ceb72-4ef1-4f86-9366-fb8bfbd47c88"
          ],
          "pending": [],
          "skipped": [],
          "duration": 4060,
          "root": false,
          "rootEmpty": false,
          "_timeout": 2000
        },
        {
          "uuid": "bb94b1b5-7b2f-45b1-b0c5-5ca12e369295",
          "title": "Post Request Example",
          "fullFile": "E:\\Coding Things\\PetStoreAPI_Test\\test\\api\\chaiAssert.js",
          "file": "\\test\\api\\chaiAssert.js",
          "beforeHooks": [],
          "afterHooks": [],
          "tests": [
            {
              "title": "status code is 200",
              "fullTitle": "Post Request Example status code is 200",
              "timedOut": true,
              "duration": 2007,
              "state": "failed",
              "speed": null,
              "pass": false,
              "fail": true,
              "pending": false,
              "context": null,
              "code": "// Check response status equal to 200\nexpect((await response).status).to.equal(201)",
              "err": {
                "message": "Error: Timeout of 2000ms exceeded. For async tests and hooks, ensure \"done()\" is called; if returning a Promise, ensure it resolves. (E:\\Coding Things\\PetStoreAPI_Test\\test\\api\\chaiAssert.js)",
                "estack": "Error: Timeout of 2000ms exceeded. For async tests and hooks, ensure \"done()\" is called; if returning a Promise, ensure it resolves. (E:\\Coding Things\\PetStoreAPI_Test\\test\\api\\chaiAssert.js)\n    at listOnTimeout (node:internal/timers:569:17)\n    at process.processTimers (node:internal/timers:512:7)",
                "diff": null
              },
              "uuid": "4fe0b4eb-b81d-49b6-a2a1-316631144913",
              "parentUUID": "bb94b1b5-7b2f-45b1-b0c5-5ca12e369295",
              "isHook": false,
              "skipped": false
            },
            {
              "title": "response body to haveOwnProperty",
              "fullTitle": "Post Request Example response body to haveOwnProperty",
              "timedOut": true,
              "duration": 2046,
              "state": "failed",
              "speed": null,
              "pass": false,
              "fail": true,
              "pending": false,
              "context": null,
              "code": "// Expect the body response has value\nexpect((await response).body).to.haveOwnProperty('message')",
              "err": {
                "message": "Error: Timeout of 2000ms exceeded. For async tests and hooks, ensure \"done()\" is called; if returning a Promise, ensure it resolves. (E:\\Coding Things\\PetStoreAPI_Test\\test\\api\\chaiAssert.js)",
                "estack": "Error: Timeout of 2000ms exceeded. For async tests and hooks, ensure \"done()\" is called; if returning a Promise, ensure it resolves. (E:\\Coding Things\\PetStoreAPI_Test\\test\\api\\chaiAssert.js)\n    at listOnTimeout (node:internal/timers:569:17)\n    at process.processTimers (node:internal/timers:512:7)",
                "diff": null
              },
              "uuid": "30a2b96c-b660-4c9b-939e-4d5a2c876859",
              "parentUUID": "bb94b1b5-7b2f-45b1-b0c5-5ca12e369295",
              "isHook": false,
              "skipped": false
            }
          ],
          "suites": [],
          "passes": [],
          "failures": [
            "4fe0b4eb-b81d-49b6-a2a1-316631144913",
            "30a2b96c-b660-4c9b-939e-4d5a2c876859"
          ],
          "pending": [],
          "skipped": [],
          "duration": 4053,
          "root": false,
          "rootEmpty": false,
          "_timeout": 2000
        },
        {
          "uuid": "29139fdf-25d5-48ca-b5f3-40b3bca60809",
          "title": "add Pet test",
          "fullFile": "E:\\Coding Things\\PetStoreAPI_Test\\test\\api\\chaiAssert.js",
          "file": "\\test\\api\\chaiAssert.js",
          "beforeHooks": [],
          "afterHooks": [],
          "tests": [
            {
              "title": "response status equal to 200",
              "fullTitle": "add Pet test response status equal to 200",
              "timedOut": true,
              "duration": 2011,
              "state": "failed",
              "speed": null,
              "pass": false,
              "fail": true,
              "pending": false,
              "context": null,
              "code": "// Check response status equal to 200\nexpect((await response).status).to.equal(200)",
              "err": {
                "message": "Error: Timeout of 2000ms exceeded. For async tests and hooks, ensure \"done()\" is called; if returning a Promise, ensure it resolves. (E:\\Coding Things\\PetStoreAPI_Test\\test\\api\\chaiAssert.js)",
                "estack": "Error: Timeout of 2000ms exceeded. For async tests and hooks, ensure \"done()\" is called; if returning a Promise, ensure it resolves. (E:\\Coding Things\\PetStoreAPI_Test\\test\\api\\chaiAssert.js)\n    at listOnTimeout (node:internal/timers:569:17)\n    at process.processTimers (node:internal/timers:512:7)",
                "diff": null
              },
              "uuid": "c7de8547-cf98-44b7-b442-686515945635",
              "parentUUID": "29139fdf-25d5-48ca-b5f3-40b3bca60809",
              "isHook": false,
              "skipped": false
            },
            {
              "title": "response body to haveOwnProperty",
              "fullTitle": "add Pet test response body to haveOwnProperty",
              "timedOut": true,
              "duration": 2045,
              "state": "failed",
              "speed": null,
              "pass": false,
              "fail": true,
              "pending": false,
              "context": null,
              "code": "// Expect the body response has the same id that has created before\nexpect((await response).body).to.haveOwnProperty('{id: 735')",
              "err": {
                "message": "Error: Timeout of 2000ms exceeded. For async tests and hooks, ensure \"done()\" is called; if returning a Promise, ensure it resolves. (E:\\Coding Things\\PetStoreAPI_Test\\test\\api\\chaiAssert.js)",
                "estack": "Error: Timeout of 2000ms exceeded. For async tests and hooks, ensure \"done()\" is called; if returning a Promise, ensure it resolves. (E:\\Coding Things\\PetStoreAPI_Test\\test\\api\\chaiAssert.js)\n    at listOnTimeout (node:internal/timers:569:17)\n    at process.processTimers (node:internal/timers:512:7)",
                "diff": null
              },
              "uuid": "04de5a16-26f9-4963-87ec-e949ca2bb9fd",
              "parentUUID": "29139fdf-25d5-48ca-b5f3-40b3bca60809",
              "isHook": false,
              "skipped": false
            }
          ],
          "suites": [],
          "passes": [],
          "failures": [
            "c7de8547-cf98-44b7-b442-686515945635",
            "04de5a16-26f9-4963-87ec-e949ca2bb9fd"
          ],
          "pending": [],
          "skipped": [],
          "duration": 4056,
          "root": false,
          "rootEmpty": false,
          "_timeout": 2000
        },
        {
          "uuid": "df64ef05-cccd-4e11-aff6-b518dd346787",
          "title": "get Pet data",
          "fullFile": "E:\\Coding Things\\PetStoreAPI_Test\\test\\api\\chaiAssert.js",
          "file": "\\test\\api\\chaiAssert.js",
          "beforeHooks": [],
          "afterHooks": [],
          "tests": [
            {
              "title": "response status equal to 200",
              "fullTitle": "get Pet data response status equal to 200",
              "timedOut": true,
              "duration": 2015,
              "state": "failed",
              "speed": null,
              "pass": false,
              "fail": true,
              "pending": false,
              "context": null,
              "code": "// Check response status equal to 200\nexpect((await response).status).to.equal(200)",
              "err": {
                "message": "Error: Timeout of 2000ms exceeded. For async tests and hooks, ensure \"done()\" is called; if returning a Promise, ensure it resolves. (E:\\Coding Things\\PetStoreAPI_Test\\test\\api\\chaiAssert.js)",
                "estack": "Error: Timeout of 2000ms exceeded. For async tests and hooks, ensure \"done()\" is called; if returning a Promise, ensure it resolves. (E:\\Coding Things\\PetStoreAPI_Test\\test\\api\\chaiAssert.js)\n    at listOnTimeout (node:internal/timers:569:17)\n    at process.processTimers (node:internal/timers:512:7)",
                "diff": null
              },
              "uuid": "25e6f97a-f9a4-4259-9ce4-38bda29bc2db",
              "parentUUID": "df64ef05-cccd-4e11-aff6-b518dd346787",
              "isHook": false,
              "skipped": false
            },
            {
              "title": "response body to have property",
              "fullTitle": "get Pet data response body to have property",
              "timedOut": true,
              "duration": 2002,
              "state": "failed",
              "speed": null,
              "pass": false,
              "fail": true,
              "pending": false,
              "context": null,
              "code": "expect((await response).body).to.haveOwnProperty(`available`)\nexpect((await response).body).to.haveOwnProperty(`pending`)\nexpect((await response).body).to.haveOwnProperty(`sold`)",
              "err": {
                "message": "Error: Timeout of 2000ms exceeded. For async tests and hooks, ensure \"done()\" is called; if returning a Promise, ensure it resolves. (E:\\Coding Things\\PetStoreAPI_Test\\test\\api\\chaiAssert.js)",
                "estack": "Error: Timeout of 2000ms exceeded. For async tests and hooks, ensure \"done()\" is called; if returning a Promise, ensure it resolves. (E:\\Coding Things\\PetStoreAPI_Test\\test\\api\\chaiAssert.js)\n    at listOnTimeout (node:internal/timers:569:17)\n    at process.processTimers (node:internal/timers:512:7)",
                "diff": null
              },
              "uuid": "a78df364-ef33-409c-805a-82d9db3aacf3",
              "parentUUID": "df64ef05-cccd-4e11-aff6-b518dd346787",
              "isHook": false,
              "skipped": false
            }
          ],
          "suites": [],
          "passes": [],
          "failures": [
            "25e6f97a-f9a4-4259-9ce4-38bda29bc2db",
            "a78df364-ef33-409c-805a-82d9db3aacf3"
          ],
          "pending": [],
          "skipped": [],
          "duration": 4017,
          "root": false,
          "rootEmpty": false,
          "_timeout": 2000
        },
        {
          "uuid": "4de278c2-3199-4c7e-90d7-4a1cf903b829",
          "title": "update Pet data",
          "fullFile": "E:\\Coding Things\\PetStoreAPI_Test\\test\\api\\chaiAssert.js",
          "file": "\\test\\api\\chaiAssert.js",
          "beforeHooks": [],
          "afterHooks": [],
          "tests": [
            {
              "title": "response status equal to 200 or 201",
              "fullTitle": "update Pet data response status equal to 200 or 201",
              "timedOut": true,
              "duration": 2020,
              "state": "failed",
              "speed": null,
              "pass": false,
              "fail": true,
              "pending": false,
              "context": null,
              "code": "// Check response status equal to 200 or 201\nexpect((await response).status).to.equal(200)\nexpect((await response).status).to.equal(201)",
              "err": {
                "message": "Error: Timeout of 2000ms exceeded. For async tests and hooks, ensure \"done()\" is called; if returning a Promise, ensure it resolves. (E:\\Coding Things\\PetStoreAPI_Test\\test\\api\\chaiAssert.js)",
                "estack": "Error: Timeout of 2000ms exceeded. For async tests and hooks, ensure \"done()\" is called; if returning a Promise, ensure it resolves. (E:\\Coding Things\\PetStoreAPI_Test\\test\\api\\chaiAssert.js)\n    at listOnTimeout (node:internal/timers:569:17)\n    at process.processTimers (node:internal/timers:512:7)",
                "diff": null
              },
              "uuid": "f054845f-0cbc-46a4-9659-3218276c5bd7",
              "parentUUID": "4de278c2-3199-4c7e-90d7-4a1cf903b829",
              "isHook": false,
              "skipped": false
            },
            {
              "title": "response body to haveOwnProperty",
              "fullTitle": "update Pet data response body to haveOwnProperty",
              "timedOut": true,
              "duration": 2020,
              "state": "failed",
              "speed": null,
              "pass": false,
              "fail": true,
              "pending": false,
              "context": null,
              "code": "// Expect the body response has value\nexpect((await response).body).to.haveOwnProperty('message')",
              "err": {
                "message": "Error: Timeout of 2000ms exceeded. For async tests and hooks, ensure \"done()\" is called; if returning a Promise, ensure it resolves. (E:\\Coding Things\\PetStoreAPI_Test\\test\\api\\chaiAssert.js)",
                "estack": "Error: Timeout of 2000ms exceeded. For async tests and hooks, ensure \"done()\" is called; if returning a Promise, ensure it resolves. (E:\\Coding Things\\PetStoreAPI_Test\\test\\api\\chaiAssert.js)\n    at listOnTimeout (node:internal/timers:569:17)\n    at process.processTimers (node:internal/timers:512:7)",
                "diff": null
              },
              "uuid": "573a1fc6-898b-4e8c-b248-22a678fe98e7",
              "parentUUID": "4de278c2-3199-4c7e-90d7-4a1cf903b829",
              "isHook": false,
              "skipped": false
            }
          ],
          "suites": [],
          "passes": [],
          "failures": [
            "f054845f-0cbc-46a4-9659-3218276c5bd7",
            "573a1fc6-898b-4e8c-b248-22a678fe98e7"
          ],
          "pending": [],
          "skipped": [],
          "duration": 4040,
          "root": false,
          "rootEmpty": false,
          "_timeout": 2000
        },
        {
          "uuid": "8189c50e-3caf-465b-9e0b-7cb9a3f6b37c",
          "title": "delete Pet data",
          "fullFile": "E:\\Coding Things\\PetStoreAPI_Test\\test\\api\\chaiAssert.js",
          "file": "\\test\\api\\chaiAssert.js",
          "beforeHooks": [],
          "afterHooks": [],
          "tests": [
            {
              "title": "response status equal to 200",
              "fullTitle": "delete Pet data response status equal to 200",
              "timedOut": true,
              "duration": 2000,
              "state": "failed",
              "speed": null,
              "pass": false,
              "fail": true,
              "pending": false,
              "context": null,
              "code": "// Check response status equal to 200\nexpect((await response).status).to.equal(200)",
              "err": {
                "message": "Error: Timeout of 2000ms exceeded. For async tests and hooks, ensure \"done()\" is called; if returning a Promise, ensure it resolves. (E:\\Coding Things\\PetStoreAPI_Test\\test\\api\\chaiAssert.js)",
                "estack": "Error: Timeout of 2000ms exceeded. For async tests and hooks, ensure \"done()\" is called; if returning a Promise, ensure it resolves. (E:\\Coding Things\\PetStoreAPI_Test\\test\\api\\chaiAssert.js)\n    at listOnTimeout (node:internal/timers:569:17)\n    at process.processTimers (node:internal/timers:512:7)",
                "diff": null
              },
              "uuid": "cf07b7e7-5f16-4dc3-b3e8-1b01bf53db45",
              "parentUUID": "8189c50e-3caf-465b-9e0b-7cb9a3f6b37c",
              "isHook": false,
              "skipped": false
            },
            {
              "title": "response body to haveOwnProperty",
              "fullTitle": "delete Pet data response body to haveOwnProperty",
              "timedOut": true,
              "duration": 2012,
              "state": "failed",
              "speed": null,
              "pass": false,
              "fail": true,
              "pending": false,
              "context": null,
              "code": "// Expect the body response has value\nexpect((await response).body).to.haveOwnProperty('message')",
              "err": {
                "message": "Error: Timeout of 2000ms exceeded. For async tests and hooks, ensure \"done()\" is called; if returning a Promise, ensure it resolves. (E:\\Coding Things\\PetStoreAPI_Test\\test\\api\\chaiAssert.js)",
                "estack": "Error: Timeout of 2000ms exceeded. For async tests and hooks, ensure \"done()\" is called; if returning a Promise, ensure it resolves. (E:\\Coding Things\\PetStoreAPI_Test\\test\\api\\chaiAssert.js)\n    at listOnTimeout (node:internal/timers:569:17)\n    at process.processTimers (node:internal/timers:512:7)",
                "diff": null
              },
              "uuid": "7aad3f98-46ca-4fb5-bee5-1c3e08f1d98d",
              "parentUUID": "8189c50e-3caf-465b-9e0b-7cb9a3f6b37c",
              "isHook": false,
              "skipped": false
            }
          ],
          "suites": [],
          "passes": [],
          "failures": [
            "cf07b7e7-5f16-4dc3-b3e8-1b01bf53db45",
            "7aad3f98-46ca-4fb5-bee5-1c3e08f1d98d"
          ],
          "pending": [],
          "skipped": [],
          "duration": 4012,
          "root": false,
          "rootEmpty": false,
          "_timeout": 2000
        },
        {
          "uuid": "601adbf1-c4ed-418d-820f-f06b4faab0e9",
          "title": "create Order",
          "fullFile": "E:\\Coding Things\\PetStoreAPI_Test\\test\\api\\chaiAssert.js",
          "file": "\\test\\api\\chaiAssert.js",
          "beforeHooks": [],
          "afterHooks": [],
          "tests": [
            {
              "title": "response status equal to 201",
              "fullTitle": "create Order response status equal to 201",
              "timedOut": true,
              "duration": 2007,
              "state": "failed",
              "speed": null,
              "pass": false,
              "fail": true,
              "pending": false,
              "context": null,
              "code": "// Check response status equal to 201\nexpect((await response).status).to.equal(201)",
              "err": {
                "message": "Error: Timeout of 2000ms exceeded. For async tests and hooks, ensure \"done()\" is called; if returning a Promise, ensure it resolves. (E:\\Coding Things\\PetStoreAPI_Test\\test\\api\\chaiAssert.js)",
                "estack": "Error: Timeout of 2000ms exceeded. For async tests and hooks, ensure \"done()\" is called; if returning a Promise, ensure it resolves. (E:\\Coding Things\\PetStoreAPI_Test\\test\\api\\chaiAssert.js)\n    at listOnTimeout (node:internal/timers:569:17)\n    at process.processTimers (node:internal/timers:512:7)",
                "diff": null
              },
              "uuid": "51a45235-fe96-49d8-a20b-1e2ea6a71c51",
              "parentUUID": "601adbf1-c4ed-418d-820f-f06b4faab0e9",
              "isHook": false,
              "skipped": false
            },
            {
              "title": "response body to haveOwnProperty",
              "fullTitle": "create Order response body to haveOwnProperty",
              "timedOut": true,
              "duration": 2024,
              "state": "failed",
              "speed": null,
              "pass": false,
              "fail": true,
              "pending": false,
              "context": null,
              "code": "// Expect the body response has value\nexpect((await response).body).to.haveOwnProperty('message')",
              "err": {
                "message": "Error: Timeout of 2000ms exceeded. For async tests and hooks, ensure \"done()\" is called; if returning a Promise, ensure it resolves. (E:\\Coding Things\\PetStoreAPI_Test\\test\\api\\chaiAssert.js)",
                "estack": "Error: Timeout of 2000ms exceeded. For async tests and hooks, ensure \"done()\" is called; if returning a Promise, ensure it resolves. (E:\\Coding Things\\PetStoreAPI_Test\\test\\api\\chaiAssert.js)\n    at listOnTimeout (node:internal/timers:569:17)\n    at process.processTimers (node:internal/timers:512:7)",
                "diff": null
              },
              "uuid": "ec77bff9-0f35-41dd-8d25-dc003170c9f5",
              "parentUUID": "601adbf1-c4ed-418d-820f-f06b4faab0e9",
              "isHook": false,
              "skipped": false
            }
          ],
          "suites": [],
          "passes": [],
          "failures": [
            "51a45235-fe96-49d8-a20b-1e2ea6a71c51",
            "ec77bff9-0f35-41dd-8d25-dc003170c9f5"
          ],
          "pending": [],
          "skipped": [],
          "duration": 4031,
          "root": false,
          "rootEmpty": false,
          "_timeout": 2000
        },
        {
          "uuid": "351d9d39-1074-413f-b78e-fbee4bcf0406",
          "title": "get Order by Id",
          "fullFile": "E:\\Coding Things\\PetStoreAPI_Test\\test\\api\\chaiAssert.js",
          "file": "\\test\\api\\chaiAssert.js",
          "beforeHooks": [],
          "afterHooks": [],
          "tests": [
            {
              "title": "response status equal to 200",
              "fullTitle": "get Order by Id response status equal to 200",
              "timedOut": true,
              "duration": 2000,
              "state": "failed",
              "speed": null,
              "pass": false,
              "fail": true,
              "pending": false,
              "context": null,
              "code": "// Check response status equal to 200\nexpect((await response).status).to.equal(200)",
              "err": {
                "message": "Error: Timeout of 2000ms exceeded. For async tests and hooks, ensure \"done()\" is called; if returning a Promise, ensure it resolves. (E:\\Coding Things\\PetStoreAPI_Test\\test\\api\\chaiAssert.js)",
                "estack": "Error: Timeout of 2000ms exceeded. For async tests and hooks, ensure \"done()\" is called; if returning a Promise, ensure it resolves. (E:\\Coding Things\\PetStoreAPI_Test\\test\\api\\chaiAssert.js)\n    at listOnTimeout (node:internal/timers:569:17)\n    at process.processTimers (node:internal/timers:512:7)",
                "diff": null
              },
              "uuid": "e6342bde-6a4f-47b3-a500-a2c85b1bdb88",
              "parentUUID": "351d9d39-1074-413f-b78e-fbee4bcf0406",
              "isHook": false,
              "skipped": false
            },
            {
              "title": "response body to have property",
              "fullTitle": "get Order by Id response body to have property",
              "timedOut": true,
              "duration": 2007,
              "state": "failed",
              "speed": null,
              "pass": false,
              "fail": true,
              "pending": false,
              "context": null,
              "code": "expect((await response).body).to.haveOwnProperty(`placed`)\nexpect((await response).body).to.haveOwnProperty(`approved`)\nexpect((await response).body).to.haveOwnProperty(`delivered`)",
              "err": {
                "message": "Error: Timeout of 2000ms exceeded. For async tests and hooks, ensure \"done()\" is called; if returning a Promise, ensure it resolves. (E:\\Coding Things\\PetStoreAPI_Test\\test\\api\\chaiAssert.js)",
                "estack": "Error: Timeout of 2000ms exceeded. For async tests and hooks, ensure \"done()\" is called; if returning a Promise, ensure it resolves. (E:\\Coding Things\\PetStoreAPI_Test\\test\\api\\chaiAssert.js)\n    at listOnTimeout (node:internal/timers:569:17)\n    at process.processTimers (node:internal/timers:512:7)",
                "diff": null
              },
              "uuid": "5c40a8b8-1031-4f0b-903e-01ef191d1537",
              "parentUUID": "351d9d39-1074-413f-b78e-fbee4bcf0406",
              "isHook": false,
              "skipped": false
            }
          ],
          "suites": [],
          "passes": [],
          "failures": [
            "e6342bde-6a4f-47b3-a500-a2c85b1bdb88",
            "5c40a8b8-1031-4f0b-903e-01ef191d1537"
          ],
          "pending": [],
          "skipped": [],
          "duration": 4007,
          "root": false,
          "rootEmpty": false,
          "_timeout": 2000
        },
        {
          "uuid": "5a2cf75e-63f3-4ba7-9342-836f8a0175dc",
          "title": "delete Order",
          "fullFile": "E:\\Coding Things\\PetStoreAPI_Test\\test\\api\\chaiAssert.js",
          "file": "\\test\\api\\chaiAssert.js",
          "beforeHooks": [],
          "afterHooks": [],
          "tests": [
            {
              "title": "response status equal to 200",
              "fullTitle": "delete Order response status equal to 200",
              "timedOut": true,
              "duration": 2003,
              "state": "failed",
              "speed": null,
              "pass": false,
              "fail": true,
              "pending": false,
              "context": null,
              "code": "// Check response status equal to 200\nexpect((await response).status).to.equal(200)",
              "err": {
                "message": "Error: Timeout of 2000ms exceeded. For async tests and hooks, ensure \"done()\" is called; if returning a Promise, ensure it resolves. (E:\\Coding Things\\PetStoreAPI_Test\\test\\api\\chaiAssert.js)",
                "estack": "Error: Timeout of 2000ms exceeded. For async tests and hooks, ensure \"done()\" is called; if returning a Promise, ensure it resolves. (E:\\Coding Things\\PetStoreAPI_Test\\test\\api\\chaiAssert.js)\n    at listOnTimeout (node:internal/timers:569:17)\n    at process.processTimers (node:internal/timers:512:7)",
                "diff": null
              },
              "uuid": "4959e8c0-e548-4777-96ee-dd60d66abe86",
              "parentUUID": "5a2cf75e-63f3-4ba7-9342-836f8a0175dc",
              "isHook": false,
              "skipped": false
            },
            {
              "title": "response body to haveOwnProperty",
              "fullTitle": "delete Order response body to haveOwnProperty",
              "timedOut": true,
              "duration": 2014,
              "state": "failed",
              "speed": null,
              "pass": false,
              "fail": true,
              "pending": false,
              "context": null,
              "code": "// Expect the body response has value\nexpect((await response).body).to.haveOwnProperty('message')",
              "err": {
                "message": "Error: Timeout of 2000ms exceeded. For async tests and hooks, ensure \"done()\" is called; if returning a Promise, ensure it resolves. (E:\\Coding Things\\PetStoreAPI_Test\\test\\api\\chaiAssert.js)",
                "estack": "Error: Timeout of 2000ms exceeded. For async tests and hooks, ensure \"done()\" is called; if returning a Promise, ensure it resolves. (E:\\Coding Things\\PetStoreAPI_Test\\test\\api\\chaiAssert.js)\n    at listOnTimeout (node:internal/timers:569:17)\n    at process.processTimers (node:internal/timers:512:7)",
                "diff": null
              },
              "uuid": "7cf53872-e46c-42e3-8e5a-426f9e44657f",
              "parentUUID": "5a2cf75e-63f3-4ba7-9342-836f8a0175dc",
              "isHook": false,
              "skipped": false
            }
          ],
          "suites": [],
          "passes": [],
          "failures": [
            "4959e8c0-e548-4777-96ee-dd60d66abe86",
            "7cf53872-e46c-42e3-8e5a-426f9e44657f"
          ],
          "pending": [],
          "skipped": [],
          "duration": 4017,
          "root": false,
          "rootEmpty": false,
          "_timeout": 2000
        }
      ],
      "passes": [],
      "failures": [],
      "pending": [],
      "skipped": [],
      "duration": 0,
      "root": true,
      "rootEmpty": true,
      "_timeout": 2000
    }
  ],
  "meta": {
    "mocha": {
      "version": "10.2.0"
    },
    "mochawesome": {
      "options": {
        "quiet": false,
        "reportFilename": "mochawesome",
        "saveHtml": true,
        "saveJson": true,
        "consoleReporter": "spec",
        "useInlineDiffs": false,
        "code": true
      },
      "version": "7.1.3"
    },
    "marge": {
      "options": null,
      "version": "6.2.0"
    }
  }
}