{
  "stats": {
    "suites": 9,
    "tests": 18,
    "passes": 0,
    "pending": 0,
    "failures": 18,
    "start": "2023-10-14T03:05:07.474Z",
    "end": "2023-10-14T03:05:44.027Z",
    "duration": 36553,
    "testsRegistered": 18,
    "passPercent": 0,
    "pendingPercent": 0,
    "other": 0,
    "hasOther": false,
    "skipped": 0,
    "hasSkipped": false
  },
  "results": [
    {
      "uuid": "952678ba-28f8-46ae-a766-216f2e8f4d48",
      "title": "",
      "fullFile": "",
      "file": "",
      "beforeHooks": [],
      "afterHooks": [],
      "tests": [],
      "suites": [
        {
          "uuid": "16b51efb-120f-4d0d-9742-e8a82375db32",
          "title": "Get Request Example",
          "fullFile": "E:\\Coding Things\\PetStoreAPI_Test\\test\\api\\chaiAssert.js",
          "file": "\\test\\api\\chaiAssert.js",
          "beforeHooks": [],
          "afterHooks": [],
          "tests": [
            {
              "title": "response status equal to 200",
              "fullTitle": "Get Request Example response status equal to 200",
              "timedOut": true,
              "duration": 2014,
              "state": "failed",
              "speed": null,
              "pass": false,
              "fail": true,
              "pending": false,
              "context": null,
              "code": "// Check response status equal to 200\nexpect((await response).status).to.equal(200)",
              "err": {
                "message": "Error: Timeout of 2000ms exceeded. For async tests and hooks, ensure \"done()\" is called; if returning a Promise, ensure it resolves. (E:\\Coding Things\\PetStoreAPI_Test\\test\\api\\chaiAssert.js)",
                "estack": "Error: Timeout of 2000ms exceeded. For async tests and hooks, ensure \"done()\" is called; if returning a Promise, ensure it resolves. (E:\\Coding Things\\PetStoreAPI_Test\\test\\api\\chaiAssert.js)\n    at listOnTimeout (node:internal/timers:569:17)\n    at process.processTimers (node:internal/timers:512:7)",
                "diff": null
              },
              "uuid": "8c742643-48ab-49af-878c-3f7d7e9d56ea",
              "parentUUID": "16b51efb-120f-4d0d-9742-e8a82375db32",
              "isHook": false,
              "skipped": false
            },
            {
              "title": "response body to have property",
              "fullTitle": "Get Request Example response body to have property",
              "timedOut": true,
              "duration": 2012,
              "state": "failed",
              "speed": null,
              "pass": false,
              "fail": true,
              "pending": false,
              "context": null,
              "code": "expect((await response).body).to.haveOwnProperty(`available`)\nexpect((await response).body).to.haveOwnProperty(`unavailable`)\nexpect((await response).body).to.haveOwnProperty(`pending`)\nexpect((await response).body).to.haveOwnProperty(`status`)",
              "err": {
                "message": "Error: Timeout of 2000ms exceeded. For async tests and hooks, ensure \"done()\" is called; if returning a Promise, ensure it resolves. (E:\\Coding Things\\PetStoreAPI_Test\\test\\api\\chaiAssert.js)",
                "estack": "Error: Timeout of 2000ms exceeded. For async tests and hooks, ensure \"done()\" is called; if returning a Promise, ensure it resolves. (E:\\Coding Things\\PetStoreAPI_Test\\test\\api\\chaiAssert.js)\n    at listOnTimeout (node:internal/timers:569:17)\n    at process.processTimers (node:internal/timers:512:7)",
                "diff": null
              },
              "uuid": "86536738-6d5a-44b5-9ff7-85728489b1d3",
              "parentUUID": "16b51efb-120f-4d0d-9742-e8a82375db32",
              "isHook": false,
              "skipped": false
            }
          ],
          "suites": [],
          "passes": [],
          "failures": [
            "8c742643-48ab-49af-878c-3f7d7e9d56ea",
            "86536738-6d5a-44b5-9ff7-85728489b1d3"
          ],
          "pending": [],
          "skipped": [],
          "duration": 4026,
          "root": false,
          "rootEmpty": false,
          "_timeout": 2000
        },
        {
          "uuid": "5ac67b99-27e3-4d30-99e5-8dd10bc2c5dc",
          "title": "Post Request Example",
          "fullFile": "E:\\Coding Things\\PetStoreAPI_Test\\test\\api\\chaiAssert.js",
          "file": "\\test\\api\\chaiAssert.js",
          "beforeHooks": [],
          "afterHooks": [],
          "tests": [
            {
              "title": "response status equal to 201",
              "fullTitle": "Post Request Example response status equal to 201",
              "timedOut": true,
              "duration": 2002,
              "state": "failed",
              "speed": null,
              "pass": false,
              "fail": true,
              "pending": false,
              "context": null,
              "code": "// Check response status equal to 201\nexpect((await response).status).to.equal(201)",
              "err": {
                "message": "Error: Timeout of 2000ms exceeded. For async tests and hooks, ensure \"done()\" is called; if returning a Promise, ensure it resolves. (E:\\Coding Things\\PetStoreAPI_Test\\test\\api\\chaiAssert.js)",
                "estack": "Error: Timeout of 2000ms exceeded. For async tests and hooks, ensure \"done()\" is called; if returning a Promise, ensure it resolves. (E:\\Coding Things\\PetStoreAPI_Test\\test\\api\\chaiAssert.js)\n    at listOnTimeout (node:internal/timers:569:17)\n    at process.processTimers (node:internal/timers:512:7)",
                "diff": null
              },
              "uuid": "a1fdd1ca-ae92-4117-bb47-e07ca3499964",
              "parentUUID": "5ac67b99-27e3-4d30-99e5-8dd10bc2c5dc",
              "isHook": false,
              "skipped": false
            },
            {
              "title": "response body to haveOwnProperty",
              "fullTitle": "Post Request Example response body to haveOwnProperty",
              "timedOut": true,
              "duration": 2020,
              "state": "failed",
              "speed": null,
              "pass": false,
              "fail": true,
              "pending": false,
              "context": null,
              "code": "// Expect the body response has value\nexpect((await response).body).to.haveOwnProperty('message')",
              "err": {
                "message": "Error: Timeout of 2000ms exceeded. For async tests and hooks, ensure \"done()\" is called; if returning a Promise, ensure it resolves. (E:\\Coding Things\\PetStoreAPI_Test\\test\\api\\chaiAssert.js)",
                "estack": "Error: Timeout of 2000ms exceeded. For async tests and hooks, ensure \"done()\" is called; if returning a Promise, ensure it resolves. (E:\\Coding Things\\PetStoreAPI_Test\\test\\api\\chaiAssert.js)\n    at listOnTimeout (node:internal/timers:569:17)\n    at process.processTimers (node:internal/timers:512:7)",
                "diff": null
              },
              "uuid": "e6daadfe-05b6-478f-b32b-56f2e2e4437e",
              "parentUUID": "5ac67b99-27e3-4d30-99e5-8dd10bc2c5dc",
              "isHook": false,
              "skipped": false
            }
          ],
          "suites": [],
          "passes": [],
          "failures": [
            "a1fdd1ca-ae92-4117-bb47-e07ca3499964",
            "e6daadfe-05b6-478f-b32b-56f2e2e4437e"
          ],
          "pending": [],
          "skipped": [],
          "duration": 4022,
          "root": false,
          "rootEmpty": false,
          "_timeout": 2000
        },
        {
          "uuid": "83900535-8d45-4b8c-8020-a8bd9aeabb9b",
          "title": "add Pet test",
          "fullFile": "E:\\Coding Things\\PetStoreAPI_Test\\test\\api\\chaiAssert.js",
          "file": "\\test\\api\\chaiAssert.js",
          "beforeHooks": [],
          "afterHooks": [],
          "tests": [
            {
              "title": "response status equal to 201",
              "fullTitle": "add Pet test response status equal to 201",
              "timedOut": true,
              "duration": 2014,
              "state": "failed",
              "speed": null,
              "pass": false,
              "fail": true,
              "pending": false,
              "context": null,
              "code": "// Check response status equal to 200\nexpect((await response).status).to.equal(201)",
              "err": {
                "message": "Error: Timeout of 2000ms exceeded. For async tests and hooks, ensure \"done()\" is called; if returning a Promise, ensure it resolves. (E:\\Coding Things\\PetStoreAPI_Test\\test\\api\\chaiAssert.js)",
                "estack": "Error: Timeout of 2000ms exceeded. For async tests and hooks, ensure \"done()\" is called; if returning a Promise, ensure it resolves. (E:\\Coding Things\\PetStoreAPI_Test\\test\\api\\chaiAssert.js)\n    at listOnTimeout (node:internal/timers:569:17)\n    at process.processTimers (node:internal/timers:512:7)",
                "diff": null
              },
              "uuid": "045991e4-3424-4b62-822d-f435e0f0a213",
              "parentUUID": "83900535-8d45-4b8c-8020-a8bd9aeabb9b",
              "isHook": false,
              "skipped": false
            },
            {
              "title": "response body to haveOwnProperty",
              "fullTitle": "add Pet test response body to haveOwnProperty",
              "timedOut": true,
              "duration": 2009,
              "state": "failed",
              "speed": null,
              "pass": false,
              "fail": true,
              "pending": false,
              "context": null,
              "code": "// Expect the body response has value\nexpect((await response).body).to.haveOwnProperty('message')",
              "err": {
                "message": "Error: Timeout of 2000ms exceeded. For async tests and hooks, ensure \"done()\" is called; if returning a Promise, ensure it resolves. (E:\\Coding Things\\PetStoreAPI_Test\\test\\api\\chaiAssert.js)",
                "estack": "Error: Timeout of 2000ms exceeded. For async tests and hooks, ensure \"done()\" is called; if returning a Promise, ensure it resolves. (E:\\Coding Things\\PetStoreAPI_Test\\test\\api\\chaiAssert.js)\n    at listOnTimeout (node:internal/timers:569:17)\n    at process.processTimers (node:internal/timers:512:7)",
                "diff": null
              },
              "uuid": "96beaeb7-2ef6-4cb9-87e0-dd8785c04506",
              "parentUUID": "83900535-8d45-4b8c-8020-a8bd9aeabb9b",
              "isHook": false,
              "skipped": false
            }
          ],
          "suites": [],
          "passes": [],
          "failures": [
            "045991e4-3424-4b62-822d-f435e0f0a213",
            "96beaeb7-2ef6-4cb9-87e0-dd8785c04506"
          ],
          "pending": [],
          "skipped": [],
          "duration": 4023,
          "root": false,
          "rootEmpty": false,
          "_timeout": 2000
        },
        {
          "uuid": "7c42d52a-0b66-4077-98f3-61906790599f",
          "title": "get Pet data",
          "fullFile": "E:\\Coding Things\\PetStoreAPI_Test\\test\\api\\chaiAssert.js",
          "file": "\\test\\api\\chaiAssert.js",
          "beforeHooks": [],
          "afterHooks": [],
          "tests": [
            {
              "title": "response status equal to 200",
              "fullTitle": "get Pet data response status equal to 200",
              "timedOut": true,
              "duration": 2001,
              "state": "failed",
              "speed": null,
              "pass": false,
              "fail": true,
              "pending": false,
              "context": null,
              "code": "// Check response status equal to 200\nexpect((await response).status).to.equal(200)",
              "err": {
                "message": "Error: Timeout of 2000ms exceeded. For async tests and hooks, ensure \"done()\" is called; if returning a Promise, ensure it resolves. (E:\\Coding Things\\PetStoreAPI_Test\\test\\api\\chaiAssert.js)",
                "estack": "Error: Timeout of 2000ms exceeded. For async tests and hooks, ensure \"done()\" is called; if returning a Promise, ensure it resolves. (E:\\Coding Things\\PetStoreAPI_Test\\test\\api\\chaiAssert.js)\n    at listOnTimeout (node:internal/timers:569:17)\n    at process.processTimers (node:internal/timers:512:7)",
                "diff": null
              },
              "uuid": "47fe7db8-d126-4a31-af4e-258de1181cf1",
              "parentUUID": "7c42d52a-0b66-4077-98f3-61906790599f",
              "isHook": false,
              "skipped": false
            },
            {
              "title": "response body to have property",
              "fullTitle": "get Pet data response body to have property",
              "timedOut": true,
              "duration": 2006,
              "state": "failed",
              "speed": null,
              "pass": false,
              "fail": true,
              "pending": false,
              "context": null,
              "code": "expect((await response).body).to.haveOwnProperty(`available`)\nexpect((await response).body).to.haveOwnProperty(`pending`)\nexpect((await response).body).to.haveOwnProperty(`sold`)",
              "err": {
                "message": "Error: Timeout of 2000ms exceeded. For async tests and hooks, ensure \"done()\" is called; if returning a Promise, ensure it resolves. (E:\\Coding Things\\PetStoreAPI_Test\\test\\api\\chaiAssert.js)",
                "estack": "Error: Timeout of 2000ms exceeded. For async tests and hooks, ensure \"done()\" is called; if returning a Promise, ensure it resolves. (E:\\Coding Things\\PetStoreAPI_Test\\test\\api\\chaiAssert.js)\n    at listOnTimeout (node:internal/timers:569:17)\n    at process.processTimers (node:internal/timers:512:7)",
                "diff": null
              },
              "uuid": "662541ed-ee54-409b-a3cb-077cf1e65d11",
              "parentUUID": "7c42d52a-0b66-4077-98f3-61906790599f",
              "isHook": false,
              "skipped": false
            }
          ],
          "suites": [],
          "passes": [],
          "failures": [
            "47fe7db8-d126-4a31-af4e-258de1181cf1",
            "662541ed-ee54-409b-a3cb-077cf1e65d11"
          ],
          "pending": [],
          "skipped": [],
          "duration": 4007,
          "root": false,
          "rootEmpty": false,
          "_timeout": 2000
        },
        {
          "uuid": "e59bbb3e-d2d1-4765-ba0c-b11e9d245035",
          "title": "update Pet data",
          "fullFile": "E:\\Coding Things\\PetStoreAPI_Test\\test\\api\\chaiAssert.js",
          "file": "\\test\\api\\chaiAssert.js",
          "beforeHooks": [],
          "afterHooks": [],
          "tests": [
            {
              "title": "response status equal to 200 or 201",
              "fullTitle": "update Pet data response status equal to 200 or 201",
              "timedOut": true,
              "duration": 2015,
              "state": "failed",
              "speed": null,
              "pass": false,
              "fail": true,
              "pending": false,
              "context": null,
              "code": "// Check response status equal to 200 or 201\nexpect((await response).status).to.equal(200)\nexpect((await response).status).to.equal(201)",
              "err": {
                "message": "Error: Timeout of 2000ms exceeded. For async tests and hooks, ensure \"done()\" is called; if returning a Promise, ensure it resolves. (E:\\Coding Things\\PetStoreAPI_Test\\test\\api\\chaiAssert.js)",
                "estack": "Error: Timeout of 2000ms exceeded. For async tests and hooks, ensure \"done()\" is called; if returning a Promise, ensure it resolves. (E:\\Coding Things\\PetStoreAPI_Test\\test\\api\\chaiAssert.js)\n    at listOnTimeout (node:internal/timers:569:17)\n    at process.processTimers (node:internal/timers:512:7)",
                "diff": null
              },
              "uuid": "2bfdbe0a-c73c-4001-9487-fcbe9f2f0451",
              "parentUUID": "e59bbb3e-d2d1-4765-ba0c-b11e9d245035",
              "isHook": false,
              "skipped": false
            },
            {
              "title": "response body to haveOwnProperty",
              "fullTitle": "update Pet data response body to haveOwnProperty",
              "timedOut": true,
              "duration": 2005,
              "state": "failed",
              "speed": null,
              "pass": false,
              "fail": true,
              "pending": false,
              "context": null,
              "code": "// Expect the body response has value\nexpect((await response).body).to.haveOwnProperty('message')",
              "err": {
                "message": "Error: Timeout of 2000ms exceeded. For async tests and hooks, ensure \"done()\" is called; if returning a Promise, ensure it resolves. (E:\\Coding Things\\PetStoreAPI_Test\\test\\api\\chaiAssert.js)",
                "estack": "Error: Timeout of 2000ms exceeded. For async tests and hooks, ensure \"done()\" is called; if returning a Promise, ensure it resolves. (E:\\Coding Things\\PetStoreAPI_Test\\test\\api\\chaiAssert.js)\n    at listOnTimeout (node:internal/timers:569:17)\n    at process.processTimers (node:internal/timers:512:7)",
                "diff": null
              },
              "uuid": "1f27cc46-e909-49cb-b168-9e42c02ad92f",
              "parentUUID": "e59bbb3e-d2d1-4765-ba0c-b11e9d245035",
              "isHook": false,
              "skipped": false
            }
          ],
          "suites": [],
          "passes": [],
          "failures": [
            "2bfdbe0a-c73c-4001-9487-fcbe9f2f0451",
            "1f27cc46-e909-49cb-b168-9e42c02ad92f"
          ],
          "pending": [],
          "skipped": [],
          "duration": 4020,
          "root": false,
          "rootEmpty": false,
          "_timeout": 2000
        },
        {
          "uuid": "8ced41fd-e3e4-4471-ad38-e66620a115d6",
          "title": "delete Pet data",
          "fullFile": "E:\\Coding Things\\PetStoreAPI_Test\\test\\api\\chaiAssert.js",
          "file": "\\test\\api\\chaiAssert.js",
          "beforeHooks": [],
          "afterHooks": [],
          "tests": [
            {
              "title": "response status equal to 200",
              "fullTitle": "delete Pet data response status equal to 200",
              "timedOut": true,
              "duration": 2008,
              "state": "failed",
              "speed": null,
              "pass": false,
              "fail": true,
              "pending": false,
              "context": null,
              "code": "// Check response status equal to 200\nexpect((await response).status).to.equal(200)",
              "err": {
                "message": "Error: Timeout of 2000ms exceeded. For async tests and hooks, ensure \"done()\" is called; if returning a Promise, ensure it resolves. (E:\\Coding Things\\PetStoreAPI_Test\\test\\api\\chaiAssert.js)",
                "estack": "Error: Timeout of 2000ms exceeded. For async tests and hooks, ensure \"done()\" is called; if returning a Promise, ensure it resolves. (E:\\Coding Things\\PetStoreAPI_Test\\test\\api\\chaiAssert.js)\n    at listOnTimeout (node:internal/timers:569:17)\n    at process.processTimers (node:internal/timers:512:7)",
                "diff": null
              },
              "uuid": "d48e0df8-0415-4190-a283-eb34ee669ea8",
              "parentUUID": "8ced41fd-e3e4-4471-ad38-e66620a115d6",
              "isHook": false,
              "skipped": false
            },
            {
              "title": "response body to haveOwnProperty",
              "fullTitle": "delete Pet data response body to haveOwnProperty",
              "timedOut": true,
              "duration": 2012,
              "state": "failed",
              "speed": null,
              "pass": false,
              "fail": true,
              "pending": false,
              "context": null,
              "code": "// Expect the body response has value\nexpect((await response).body).to.haveOwnProperty('message')",
              "err": {
                "message": "Error: Timeout of 2000ms exceeded. For async tests and hooks, ensure \"done()\" is called; if returning a Promise, ensure it resolves. (E:\\Coding Things\\PetStoreAPI_Test\\test\\api\\chaiAssert.js)",
                "estack": "Error: Timeout of 2000ms exceeded. For async tests and hooks, ensure \"done()\" is called; if returning a Promise, ensure it resolves. (E:\\Coding Things\\PetStoreAPI_Test\\test\\api\\chaiAssert.js)\n    at listOnTimeout (node:internal/timers:569:17)\n    at process.processTimers (node:internal/timers:512:7)",
                "diff": null
              },
              "uuid": "71e829b7-ef6f-469d-beb4-d3e7a458e047",
              "parentUUID": "8ced41fd-e3e4-4471-ad38-e66620a115d6",
              "isHook": false,
              "skipped": false
            }
          ],
          "suites": [],
          "passes": [],
          "failures": [
            "d48e0df8-0415-4190-a283-eb34ee669ea8",
            "71e829b7-ef6f-469d-beb4-d3e7a458e047"
          ],
          "pending": [],
          "skipped": [],
          "duration": 4020,
          "root": false,
          "rootEmpty": false,
          "_timeout": 2000
        },
        {
          "uuid": "70c866a9-97a4-418f-af94-e818954e9d53",
          "title": "create Order",
          "fullFile": "E:\\Coding Things\\PetStoreAPI_Test\\test\\api\\chaiAssert.js",
          "file": "\\test\\api\\chaiAssert.js",
          "beforeHooks": [],
          "afterHooks": [],
          "tests": [
            {
              "title": "response status equal to 201",
              "fullTitle": "create Order response status equal to 201",
              "timedOut": true,
              "duration": 2015,
              "state": "failed",
              "speed": null,
              "pass": false,
              "fail": true,
              "pending": false,
              "context": null,
              "code": "// Check response status equal to 201\nexpect((await response).status).to.equal(201)",
              "err": {
                "message": "Error: Timeout of 2000ms exceeded. For async tests and hooks, ensure \"done()\" is called; if returning a Promise, ensure it resolves. (E:\\Coding Things\\PetStoreAPI_Test\\test\\api\\chaiAssert.js)",
                "estack": "Error: Timeout of 2000ms exceeded. For async tests and hooks, ensure \"done()\" is called; if returning a Promise, ensure it resolves. (E:\\Coding Things\\PetStoreAPI_Test\\test\\api\\chaiAssert.js)\n    at listOnTimeout (node:internal/timers:569:17)\n    at process.processTimers (node:internal/timers:512:7)",
                "diff": null
              },
              "uuid": "b4771de9-a7d5-4a83-8759-d31e4f72ece7",
              "parentUUID": "70c866a9-97a4-418f-af94-e818954e9d53",
              "isHook": false,
              "skipped": false
            },
            {
              "title": "response body to haveOwnProperty",
              "fullTitle": "create Order response body to haveOwnProperty",
              "timedOut": true,
              "duration": 2005,
              "state": "failed",
              "speed": null,
              "pass": false,
              "fail": true,
              "pending": false,
              "context": null,
              "code": "// Expect the body response has value\nexpect((await response).body).to.haveOwnProperty('message')",
              "err": {
                "message": "Error: Timeout of 2000ms exceeded. For async tests and hooks, ensure \"done()\" is called; if returning a Promise, ensure it resolves. (E:\\Coding Things\\PetStoreAPI_Test\\test\\api\\chaiAssert.js)",
                "estack": "Error: Timeout of 2000ms exceeded. For async tests and hooks, ensure \"done()\" is called; if returning a Promise, ensure it resolves. (E:\\Coding Things\\PetStoreAPI_Test\\test\\api\\chaiAssert.js)\n    at listOnTimeout (node:internal/timers:569:17)\n    at process.processTimers (node:internal/timers:512:7)",
                "diff": null
              },
              "uuid": "662cf098-ec86-468c-ab6d-ebef4afe0b6c",
              "parentUUID": "70c866a9-97a4-418f-af94-e818954e9d53",
              "isHook": false,
              "skipped": false
            }
          ],
          "suites": [],
          "passes": [],
          "failures": [
            "b4771de9-a7d5-4a83-8759-d31e4f72ece7",
            "662cf098-ec86-468c-ab6d-ebef4afe0b6c"
          ],
          "pending": [],
          "skipped": [],
          "duration": 4020,
          "root": false,
          "rootEmpty": false,
          "_timeout": 2000
        },
        {
          "uuid": "a325919e-fb75-4b4d-a970-796e461ffe85",
          "title": "get Order by Id",
          "fullFile": "E:\\Coding Things\\PetStoreAPI_Test\\test\\api\\chaiAssert.js",
          "file": "\\test\\api\\chaiAssert.js",
          "beforeHooks": [],
          "afterHooks": [],
          "tests": [
            {
              "title": "response status equal to 200",
              "fullTitle": "get Order by Id response status equal to 200",
              "timedOut": true,
              "duration": 2004,
              "state": "failed",
              "speed": null,
              "pass": false,
              "fail": true,
              "pending": false,
              "context": null,
              "code": "// Check response status equal to 200\nexpect((await response).status).to.equal(200)",
              "err": {
                "message": "Error: Timeout of 2000ms exceeded. For async tests and hooks, ensure \"done()\" is called; if returning a Promise, ensure it resolves. (E:\\Coding Things\\PetStoreAPI_Test\\test\\api\\chaiAssert.js)",
                "estack": "Error: Timeout of 2000ms exceeded. For async tests and hooks, ensure \"done()\" is called; if returning a Promise, ensure it resolves. (E:\\Coding Things\\PetStoreAPI_Test\\test\\api\\chaiAssert.js)\n    at listOnTimeout (node:internal/timers:569:17)\n    at process.processTimers (node:internal/timers:512:7)",
                "diff": null
              },
              "uuid": "7f3c5ff3-e37a-4136-9623-d05aac37fc6b",
              "parentUUID": "a325919e-fb75-4b4d-a970-796e461ffe85",
              "isHook": false,
              "skipped": false
            },
            {
              "title": "response body to have property",
              "fullTitle": "get Order by Id response body to have property",
              "timedOut": true,
              "duration": 2017,
              "state": "failed",
              "speed": null,
              "pass": false,
              "fail": true,
              "pending": false,
              "context": null,
              "code": "expect((await response).body).to.haveOwnProperty(`placed`)\nexpect((await response).body).to.haveOwnProperty(`approved`)\nexpect((await response).body).to.haveOwnProperty(`delivered`)",
              "err": {
                "message": "Error: Timeout of 2000ms exceeded. For async tests and hooks, ensure \"done()\" is called; if returning a Promise, ensure it resolves. (E:\\Coding Things\\PetStoreAPI_Test\\test\\api\\chaiAssert.js)",
                "estack": "Error: Timeout of 2000ms exceeded. For async tests and hooks, ensure \"done()\" is called; if returning a Promise, ensure it resolves. (E:\\Coding Things\\PetStoreAPI_Test\\test\\api\\chaiAssert.js)\n    at listOnTimeout (node:internal/timers:569:17)\n    at process.processTimers (node:internal/timers:512:7)",
                "diff": null
              },
              "uuid": "aebb6f95-a1d9-42dd-b4e9-56f851643929",
              "parentUUID": "a325919e-fb75-4b4d-a970-796e461ffe85",
              "isHook": false,
              "skipped": false
            }
          ],
          "suites": [],
          "passes": [],
          "failures": [
            "7f3c5ff3-e37a-4136-9623-d05aac37fc6b",
            "aebb6f95-a1d9-42dd-b4e9-56f851643929"
          ],
          "pending": [],
          "skipped": [],
          "duration": 4021,
          "root": false,
          "rootEmpty": false,
          "_timeout": 2000
        },
        {
          "uuid": "d3f24d0f-fac0-4dd9-bd5f-dea8d176fdd1",
          "title": "delete Order",
          "fullFile": "E:\\Coding Things\\PetStoreAPI_Test\\test\\api\\chaiAssert.js",
          "file": "\\test\\api\\chaiAssert.js",
          "beforeHooks": [],
          "afterHooks": [],
          "tests": [
            {
              "title": "response status equal to 200",
              "fullTitle": "delete Order response status equal to 200",
              "timedOut": true,
              "duration": 2010,
              "state": "failed",
              "speed": null,
              "pass": false,
              "fail": true,
              "pending": false,
              "context": null,
              "code": "// Check response status equal to 200\nexpect((await response).status).to.equal(200)",
              "err": {
                "message": "Error: Timeout of 2000ms exceeded. For async tests and hooks, ensure \"done()\" is called; if returning a Promise, ensure it resolves. (E:\\Coding Things\\PetStoreAPI_Test\\test\\api\\chaiAssert.js)",
                "estack": "Error: Timeout of 2000ms exceeded. For async tests and hooks, ensure \"done()\" is called; if returning a Promise, ensure it resolves. (E:\\Coding Things\\PetStoreAPI_Test\\test\\api\\chaiAssert.js)\n    at listOnTimeout (node:internal/timers:569:17)\n    at process.processTimers (node:internal/timers:512:7)",
                "diff": null
              },
              "uuid": "5739fb57-f355-44a2-99c1-b4f514e23f89",
              "parentUUID": "d3f24d0f-fac0-4dd9-bd5f-dea8d176fdd1",
              "isHook": false,
              "skipped": false
            },
            {
              "title": "response body to haveOwnProperty",
              "fullTitle": "delete Order response body to haveOwnProperty",
              "timedOut": true,
              "duration": 2010,
              "state": "failed",
              "speed": null,
              "pass": false,
              "fail": true,
              "pending": false,
              "context": null,
              "code": "// Expect the body response has value\nexpect((await response).body).to.haveOwnProperty('message')",
              "err": {
                "message": "Error: Timeout of 2000ms exceeded. For async tests and hooks, ensure \"done()\" is called; if returning a Promise, ensure it resolves. (E:\\Coding Things\\PetStoreAPI_Test\\test\\api\\chaiAssert.js)",
                "estack": "Error: Timeout of 2000ms exceeded. For async tests and hooks, ensure \"done()\" is called; if returning a Promise, ensure it resolves. (E:\\Coding Things\\PetStoreAPI_Test\\test\\api\\chaiAssert.js)\n    at listOnTimeout (node:internal/timers:569:17)\n    at process.processTimers (node:internal/timers:512:7)",
                "diff": null
              },
              "uuid": "370e71c3-ab26-4bfd-bb6a-f549623ab67b",
              "parentUUID": "d3f24d0f-fac0-4dd9-bd5f-dea8d176fdd1",
              "isHook": false,
              "skipped": false
            }
          ],
          "suites": [],
          "passes": [],
          "failures": [
            "5739fb57-f355-44a2-99c1-b4f514e23f89",
            "370e71c3-ab26-4bfd-bb6a-f549623ab67b"
          ],
          "pending": [],
          "skipped": [],
          "duration": 4020,
          "root": false,
          "rootEmpty": false,
          "_timeout": 2000
        }
      ],
      "passes": [],
      "failures": [],
      "pending": [],
      "skipped": [],
      "duration": 0,
      "root": true,
      "rootEmpty": true,
      "_timeout": 2000
    }
  ],
  "meta": {
    "mocha": {
      "version": "10.2.0"
    },
    "mochawesome": {
      "options": {
        "quiet": false,
        "reportFilename": "mochawesome",
        "saveHtml": true,
        "saveJson": true,
        "consoleReporter": "spec",
        "useInlineDiffs": false,
        "code": true
      },
      "version": "7.1.3"
    },
    "marge": {
      "options": null,
      "version": "6.2.0"
    }
  }
}